2022-03-07 21:52:52,005 [Worker-0: Loading available Gradle versions] INFO  o.e.b.c.i.u.g.PublishedGradleVersions - Gradle version information cache is up-to-date. Trying to read.
2022-03-08 10:00:21,835 [Worker-8: Loading available Gradle versions] INFO  o.e.b.c.i.u.g.PublishedGradleVersions - Gradle version information cache is out-of-date. Trying to update.
2022-03-09 01:16:39,079 [Worker-1: Loading available Gradle versions] INFO  o.e.b.c.i.u.g.PublishedGradleVersions - Gradle version information cache is up-to-date. Trying to read.
2022-03-09 01:19:17,395 [Worker-14: Enabling Maven Dependency Management] INFO  o.e.m.c.i.l.LifecycleMappingFactory - Using org.maven.ide.eclipse.wtp.WarLifecycleMapping lifecycle mapping for MavenProject: ONLINE_FOOD_DELIVERY_SYSTEM:ONLINE_FOOD_DELIVERY_SYSTEM:0.0.1-SNAPSHOT @ E:\ProjectWorkSpace\ONLINE_FOOD_DELIVERY_SYSTEM\pom.xml.
2022-03-09 01:19:19,269 [Worker-18: Building workspace] WARN  o.e.m.c.i.embedder.EclipseLogger - Using platform encoding (Cp1252 actually) to copy filtered resources, i.e. build is platform dependent!
2022-03-09 01:19:19,273 [Worker-18: Building workspace] INFO  o.e.m.c.i.embedder.EclipseLogger - skip non existing resourceDirectory E:\ProjectWorkSpace\ONLINE_FOOD_DELIVERY_SYSTEM\src\main\resources
2022-03-09 01:19:19,278 [Worker-18: Building workspace] WARN  o.e.m.c.i.embedder.EclipseLogger - Using platform encoding (Cp1252 actually) to copy filtered resources, i.e. build is platform dependent!
2022-03-09 01:19:19,280 [Worker-18: Building workspace] INFO  o.e.m.c.i.embedder.EclipseLogger - skip non existing resourceDirectory E:\ProjectWorkSpace\ONLINE_FOOD_DELIVERY_SYSTEM\src\test\resources
2022-03-09 01:19:19,308 [Worker-14: Enabling Maven Dependency Management] INFO  o.e.m.j.i.AbstractJavaProjectConfigurator - Adding source folder /ONLINE_FOOD_DELIVERY_SYSTEM/src
2022-03-09 01:19:19,309 [Worker-14: Enabling Maven Dependency Management] INFO  o.e.m.j.i.AbstractJavaProjectConfigurator - Not adding source folder /ONLINE_FOOD_DELIVERY_SYSTEM/src/test/java because it overlaps with /ONLINE_FOOD_DELIVERY_SYSTEM/src
2022-03-09 01:19:20,012 [Worker-14: Enabling Maven Dependency Management] INFO  o.e.m.c.i.p.ProjectConfigurationManager - Update started
2022-03-09 01:19:20,433 [Worker-14: Enabling Maven Dependency Management] INFO  o.e.m.c.i.l.LifecycleMappingFactory - Using org.maven.ide.eclipse.wtp.WarLifecycleMapping lifecycle mapping for MavenProject: ONLINE_FOOD_DELIVERY_SYSTEM:ONLINE_FOOD_DELIVERY_SYSTEM:0.0.1-SNAPSHOT @ E:\ProjectWorkSpace\ONLINE_FOOD_DELIVERY_SYSTEM\pom.xml.
2022-03-09 01:19:21,408 [Worker-14: Enabling Maven Dependency Management] INFO  o.e.m.j.i.AbstractJavaProjectConfigurator - Adding source folder /ONLINE_FOOD_DELIVERY_SYSTEM/src
2022-03-09 01:19:21,409 [Worker-14: Enabling Maven Dependency Management] INFO  o.e.m.j.i.AbstractJavaProjectConfigurator - Not adding source folder /ONLINE_FOOD_DELIVERY_SYSTEM/src/test/java because it overlaps with /ONLINE_FOOD_DELIVERY_SYSTEM/src
2022-03-09 01:19:21,901 [Worker-14: Enabling Maven Dependency Management] INFO  o.e.m.w.i.f.ResourceFilteringBuildParticipant - Cleaning filtered folder for ONLINE_FOOD_DELIVERY_SYSTEM
2022-03-09 01:19:21,941 [Worker-14: Enabling Maven Dependency Management] INFO  o.e.m.c.i.p.ProjectConfigurationManager - Update completed: 1 sec
2022-03-09 01:19:22,090 [Worker-19: Building workspace] WARN  o.e.m.c.i.embedder.EclipseLogger - Using platform encoding (Cp1252 actually) to copy filtered resources, i.e. build is platform dependent!
2022-03-09 01:19:22,096 [Worker-19: Building workspace] INFO  o.e.m.c.i.embedder.EclipseLogger - skip non existing resourceDirectory E:\ProjectWorkSpace\ONLINE_FOOD_DELIVERY_SYSTEM\src\main\resources
2022-03-09 01:19:22,102 [Worker-19: Building workspace] WARN  o.e.m.c.i.embedder.EclipseLogger - Using platform encoding (Cp1252 actually) to copy filtered resources, i.e. build is platform dependent!
2022-03-09 01:19:22,104 [Worker-19: Building workspace] INFO  o.e.m.c.i.embedder.EclipseLogger - skip non existing resourceDirectory E:\ProjectWorkSpace\ONLINE_FOOD_DELIVERY_SYSTEM\src\test\resources
2022-03-09 01:19:22,104 [Worker-19: Building workspace] INFO  o.e.m.w.i.f.ResourceFilteringBuildParticipant - Changed resources require a complete clean of filtered resources of ONLINE_FOOD_DELIVERY_SYSTEM
2022-03-09 01:19:22,111 [Worker-19: Building workspace] INFO  o.e.m.w.i.f.ResourceFilteringBuildParticipant - Executing resource filtering for ONLINE_FOOD_DELIVERY_SYSTEM
2022-03-09 01:19:22,124 [Worker-19: Building workspace] WARN  o.e.m.c.i.embedder.EclipseLogger - The POM for org.apache.maven.plugins:maven-clean-plugin:jar:2.5 is missing, no dependency information available
2022-03-09 01:19:22,137 [Worker-19: Building workspace] WARN  o.e.m.c.i.embedder.EclipseLogger - Using platform encoding (Cp1252 actually) to copy filtered resources, i.e. build is platform dependent!
2022-03-09 01:21:09,990 [Worker-15: Building workspace] WARN  o.e.m.c.i.embedder.EclipseLogger - Using platform encoding (Cp1252 actually) to copy filtered resources, i.e. build is platform dependent!
2022-03-09 01:21:09,991 [Worker-15: Building workspace] INFO  o.e.m.c.i.embedder.EclipseLogger - skip non existing resourceDirectory E:\ProjectWorkSpace\ONLINE_FOOD_DELIVERY_SYSTEM\src\main\resources
2022-03-09 01:21:09,993 [Worker-15: Building workspace] WARN  o.e.m.c.i.embedder.EclipseLogger - Using platform encoding (Cp1252 actually) to copy filtered resources, i.e. build is platform dependent!
2022-03-09 01:21:09,994 [Worker-15: Building workspace] INFO  o.e.m.c.i.embedder.EclipseLogger - skip non existing resourceDirectory E:\ProjectWorkSpace\ONLINE_FOOD_DELIVERY_SYSTEM\src\test\resources
2022-03-09 01:21:17,495 [Worker-19: Building workspace] WARN  o.e.m.c.i.embedder.EclipseLogger - Using platform encoding (Cp1252 actually) to copy filtered resources, i.e. build is platform dependent!
2022-03-09 01:21:17,496 [Worker-19: Building workspace] INFO  o.e.m.c.i.embedder.EclipseLogger - skip non existing resourceDirectory E:\ProjectWorkSpace\ONLINE_FOOD_DELIVERY_SYSTEM\src\main\resources
2022-03-09 01:21:17,497 [Worker-19: Building workspace] WARN  o.e.m.c.i.embedder.EclipseLogger - Using platform encoding (Cp1252 actually) to copy filtered resources, i.e. build is platform dependent!
2022-03-09 01:21:17,499 [Worker-19: Building workspace] INFO  o.e.m.c.i.embedder.EclipseLogger - skip non existing resourceDirectory E:\ProjectWorkSpace\ONLINE_FOOD_DELIVERY_SYSTEM\src\test\resources
2022-03-09 01:24:36,308 [Worker-18: Building workspace] WARN  o.e.m.c.i.embedder.EclipseLogger - Using platform encoding (Cp1252 actually) to copy filtered resources, i.e. build is platform dependent!
2022-03-09 01:24:36,311 [Worker-18: Building workspace] INFO  o.e.m.c.i.embedder.EclipseLogger - skip non existing resourceDirectory E:\ProjectWorkSpace\ONLINE_FOOD_DELIVERY_SYSTEM\src\main\resources
2022-03-09 01:24:36,314 [Worker-18: Building workspace] WARN  o.e.m.c.i.embedder.EclipseLogger - Using platform encoding (Cp1252 actually) to copy filtered resources, i.e. build is platform dependent!
2022-03-09 01:24:36,317 [Worker-18: Building workspace] INFO  o.e.m.c.i.embedder.EclipseLogger - skip non existing resourceDirectory E:\ProjectWorkSpace\ONLINE_FOOD_DELIVERY_SYSTEM\src\test\resources
2022-03-09 01:25:26,421 [Worker-15: Building workspace] WARN  o.e.m.c.i.embedder.EclipseLogger - Using platform encoding (Cp1252 actually) to copy filtered resources, i.e. build is platform dependent!
2022-03-09 01:25:26,423 [Worker-15: Building workspace] INFO  o.e.m.c.i.embedder.EclipseLogger - skip non existing resourceDirectory E:\ProjectWorkSpace\ONLINE_FOOD_DELIVERY_SYSTEM\src\main\resources
2022-03-09 01:25:26,424 [Worker-15: Building workspace] WARN  o.e.m.c.i.embedder.EclipseLogger - Using platform encoding (Cp1252 actually) to copy filtered resources, i.e. build is platform dependent!
2022-03-09 01:25:26,426 [Worker-15: Building workspace] INFO  o.e.m.c.i.embedder.EclipseLogger - skip non existing resourceDirectory E:\ProjectWorkSpace\ONLINE_FOOD_DELIVERY_SYSTEM\src\test\resources
2022-03-09 01:25:52,916 [Worker-18: Building workspace] WARN  o.e.m.c.i.embedder.EclipseLogger - Using platform encoding (Cp1252 actually) to copy filtered resources, i.e. build is platform dependent!
2022-03-09 01:25:52,918 [Worker-18: Building workspace] INFO  o.e.m.c.i.embedder.EclipseLogger - skip non existing resourceDirectory E:\ProjectWorkSpace\ONLINE_FOOD_DELIVERY_SYSTEM\src\main\resources
2022-03-09 01:25:52,920 [Worker-18: Building workspace] WARN  o.e.m.c.i.embedder.EclipseLogger - Using platform encoding (Cp1252 actually) to copy filtered resources, i.e. build is platform dependent!
2022-03-09 01:25:52,921 [Worker-18: Building workspace] INFO  o.e.m.c.i.embedder.EclipseLogger - skip non existing resourceDirectory E:\ProjectWorkSpace\ONLINE_FOOD_DELIVERY_SYSTEM\src\test\resources
2022-03-09 01:26:58,683 [Worker-15: Building workspace] WARN  o.e.m.c.i.embedder.EclipseLogger - Using platform encoding (Cp1252 actually) to copy filtered resources, i.e. build is platform dependent!
2022-03-09 01:26:58,684 [Worker-15: Building workspace] INFO  o.e.m.c.i.embedder.EclipseLogger - skip non existing resourceDirectory E:\ProjectWorkSpace\ONLINE_FOOD_DELIVERY_SYSTEM\src\main\resources
2022-03-09 01:26:58,686 [Worker-15: Building workspace] WARN  o.e.m.c.i.embedder.EclipseLogger - Using platform encoding (Cp1252 actually) to copy filtered resources, i.e. build is platform dependent!
2022-03-09 01:26:58,688 [Worker-15: Building workspace] INFO  o.e.m.c.i.embedder.EclipseLogger - skip non existing resourceDirectory E:\ProjectWorkSpace\ONLINE_FOOD_DELIVERY_SYSTEM\src\test\resources
2022-03-09 01:27:15,764 [Worker-19: Building workspace] WARN  o.e.m.c.i.embedder.EclipseLogger - Using platform encoding (Cp1252 actually) to copy filtered resources, i.e. build is platform dependent!
2022-03-09 01:27:15,767 [Worker-19: Building workspace] INFO  o.e.m.c.i.embedder.EclipseLogger - skip non existing resourceDirectory E:\ProjectWorkSpace\ONLINE_FOOD_DELIVERY_SYSTEM\src\main\resources
2022-03-09 01:27:15,769 [Worker-19: Building workspace] WARN  o.e.m.c.i.embedder.EclipseLogger - Using platform encoding (Cp1252 actually) to copy filtered resources, i.e. build is platform dependent!
2022-03-09 01:27:15,785 [Worker-19: Building workspace] INFO  o.e.m.c.i.embedder.EclipseLogger - skip non existing resourceDirectory E:\ProjectWorkSpace\ONLINE_FOOD_DELIVERY_SYSTEM\src\test\resources
2022-03-09 01:27:36,183 [Worker-20: Building workspace] WARN  o.e.m.c.i.embedder.EclipseLogger - Using platform encoding (Cp1252 actually) to copy filtered resources, i.e. build is platform dependent!
2022-03-09 01:27:36,185 [Worker-20: Building workspace] INFO  o.e.m.c.i.embedder.EclipseLogger - skip non existing resourceDirectory E:\ProjectWorkSpace\ONLINE_FOOD_DELIVERY_SYSTEM\src\main\resources
2022-03-09 01:27:36,188 [Worker-20: Building workspace] WARN  o.e.m.c.i.embedder.EclipseLogger - Using platform encoding (Cp1252 actually) to copy filtered resources, i.e. build is platform dependent!
2022-03-09 01:27:36,189 [Worker-20: Building workspace] INFO  o.e.m.c.i.embedder.EclipseLogger - skip non existing resourceDirectory E:\ProjectWorkSpace\ONLINE_FOOD_DELIVERY_SYSTEM\src\test\resources
2022-03-09 01:31:25,868 [Worker-21: Building workspace] WARN  o.e.m.c.i.embedder.EclipseLogger - Using platform encoding (Cp1252 actually) to copy filtered resources, i.e. build is platform dependent!
2022-03-09 01:31:25,875 [Worker-21: Building workspace] INFO  o.e.m.c.i.embedder.EclipseLogger - skip non existing resourceDirectory E:\ProjectWorkSpace\ONLINE_FOOD_DELIVERY_SYSTEM\src\main\resources
2022-03-09 01:31:25,877 [Worker-21: Building workspace] WARN  o.e.m.c.i.embedder.EclipseLogger - Using platform encoding (Cp1252 actually) to copy filtered resources, i.e. build is platform dependent!
2022-03-09 01:31:25,878 [Worker-21: Building workspace] INFO  o.e.m.c.i.embedder.EclipseLogger - skip non existing resourceDirectory E:\ProjectWorkSpace\ONLINE_FOOD_DELIVERY_SYSTEM\src\test\resources
2022-03-09 01:32:20,858 [Worker-21: Building workspace] WARN  o.e.m.c.i.embedder.EclipseLogger - Using platform encoding (Cp1252 actually) to copy filtered resources, i.e. build is platform dependent!
2022-03-09 01:32:20,860 [Worker-21: Building workspace] INFO  o.e.m.c.i.embedder.EclipseLogger - skip non existing resourceDirectory E:\ProjectWorkSpace\ONLINE_FOOD_DELIVERY_SYSTEM\src\main\resources
2022-03-09 01:32:20,861 [Worker-21: Building workspace] WARN  o.e.m.c.i.embedder.EclipseLogger - Using platform encoding (Cp1252 actually) to copy filtered resources, i.e. build is platform dependent!
2022-03-09 01:32:20,862 [Worker-21: Building workspace] INFO  o.e.m.c.i.embedder.EclipseLogger - skip non existing resourceDirectory E:\ProjectWorkSpace\ONLINE_FOOD_DELIVERY_SYSTEM\src\test\resources
2022-03-09 01:33:11,074 [Worker-22: Building workspace] WARN  o.e.m.c.i.embedder.EclipseLogger - Using platform encoding (Cp1252 actually) to copy filtered resources, i.e. build is platform dependent!
2022-03-09 01:33:11,078 [Worker-22: Building workspace] INFO  o.e.m.c.i.embedder.EclipseLogger - skip non existing resourceDirectory E:\ProjectWorkSpace\ONLINE_FOOD_DELIVERY_SYSTEM\src\main\resources
2022-03-09 01:33:11,080 [Worker-22: Building workspace] WARN  o.e.m.c.i.embedder.EclipseLogger - Using platform encoding (Cp1252 actually) to copy filtered resources, i.e. build is platform dependent!
2022-03-09 01:33:11,082 [Worker-22: Building workspace] INFO  o.e.m.c.i.embedder.EclipseLogger - skip non existing resourceDirectory E:\ProjectWorkSpace\ONLINE_FOOD_DELIVERY_SYSTEM\src\test\resources
2022-03-09 01:33:12,163 [Worker-23: Building workspace] WARN  o.e.m.c.i.embedder.EclipseLogger - Using platform encoding (Cp1252 actually) to copy filtered resources, i.e. build is platform dependent!
2022-03-09 01:33:12,164 [Worker-23: Building workspace] INFO  o.e.m.c.i.embedder.EclipseLogger - skip non existing resourceDirectory E:\ProjectWorkSpace\ONLINE_FOOD_DELIVERY_SYSTEM\src\main\resources
2022-03-09 01:33:12,165 [Worker-23: Building workspace] WARN  o.e.m.c.i.embedder.EclipseLogger - Using platform encoding (Cp1252 actually) to copy filtered resources, i.e. build is platform dependent!
2022-03-09 01:33:12,166 [Worker-23: Building workspace] INFO  o.e.m.c.i.embedder.EclipseLogger - skip non existing resourceDirectory E:\ProjectWorkSpace\ONLINE_FOOD_DELIVERY_SYSTEM\src\test\resources
2022-03-09 01:33:46,624 [Worker-24: Building workspace] WARN  o.e.m.c.i.embedder.EclipseLogger - Using platform encoding (Cp1252 actually) to copy filtered resources, i.e. build is platform dependent!
2022-03-09 01:33:46,626 [Worker-24: Building workspace] INFO  o.e.m.c.i.embedder.EclipseLogger - skip non existing resourceDirectory E:\ProjectWorkSpace\ONLINE_FOOD_DELIVERY_SYSTEM\src\main\resources
2022-03-09 01:33:46,627 [Worker-24: Building workspace] WARN  o.e.m.c.i.embedder.EclipseLogger - Using platform encoding (Cp1252 actually) to copy filtered resources, i.e. build is platform dependent!
2022-03-09 01:33:46,628 [Worker-24: Building workspace] INFO  o.e.m.c.i.embedder.EclipseLogger - skip non existing resourceDirectory E:\ProjectWorkSpace\ONLINE_FOOD_DELIVERY_SYSTEM\src\test\resources
2022-03-09 16:42:37,816 [Worker-4: Loading available Gradle versions] INFO  o.e.b.c.i.u.g.PublishedGradleVersions - Gradle version information cache is up-to-date. Trying to read.
2022-03-09 16:42:42,251 [Worker-11: Building workspace] WARN  o.e.m.c.i.embedder.EclipseLogger - Using platform encoding (Cp1252 actually) to copy filtered resources, i.e. build is platform dependent!
2022-03-09 16:42:42,254 [Worker-11: Building workspace] INFO  o.e.m.c.i.embedder.EclipseLogger - skip non existing resourceDirectory E:\ProjectWorkSpace\ONLINE_FOOD_DELIVERY_SYSTEM\src\main\resources
2022-03-09 16:42:42,257 [Worker-11: Building workspace] WARN  o.e.m.c.i.embedder.EclipseLogger - Using platform encoding (Cp1252 actually) to copy filtered resources, i.e. build is platform dependent!
2022-03-09 16:42:42,259 [Worker-11: Building workspace] INFO  o.e.m.c.i.embedder.EclipseLogger - skip non existing resourceDirectory E:\ProjectWorkSpace\ONLINE_FOOD_DELIVERY_SYSTEM\src\test\resources
2022-03-09 16:43:54,623 [Worker-8: Building workspace] WARN  o.e.m.c.i.embedder.EclipseLogger - Using platform encoding (Cp1252 actually) to copy filtered resources, i.e. build is platform dependent!
2022-03-09 16:43:54,625 [Worker-8: Building workspace] INFO  o.e.m.c.i.embedder.EclipseLogger - skip non existing resourceDirectory E:\ProjectWorkSpace\ONLINE_FOOD_DELIVERY_SYSTEM\src\main\resources
2022-03-09 16:43:54,627 [Worker-8: Building workspace] WARN  o.e.m.c.i.embedder.EclipseLogger - Using platform encoding (Cp1252 actually) to copy filtered resources, i.e. build is platform dependent!
2022-03-09 16:43:54,628 [Worker-8: Building workspace] INFO  o.e.m.c.i.embedder.EclipseLogger - skip non existing resourceDirectory E:\ProjectWorkSpace\ONLINE_FOOD_DELIVERY_SYSTEM\src\test\resources
